2022-03-12T17:33:27+02:00	INFO	calendar is running...	[]
2022-03-12T17:45:38+02:00	INFO	calendar is running...	[]
2022-03-13T19:31:45+02:00	INFO	calendar is running...	[]
2022-03-19T16:06:29+02:00	INFO	calendar is running...	[]
2022-03-19T16:11:03+02:00	INFO	Executing migrations...	[]
2022-03-19T16:12:40+02:00	INFO	Executing migrations...	[]
2022-03-19T16:12:40+02:00	INFO	calendar is running...	[]
2022-03-19T16:43:32+02:00	INFO	executing migrations	[]
2022-03-19T16:43:32+02:00	INFO	migration: no change	[]
2022-03-19T16:43:32+02:00	INFO	calendar is running...	[]
2022-03-19T18:11:31+02:00	INFO	migration down: 	[steps=1]
2022-03-19T18:11:31+02:00	INFO	migration down: done	[]
2022-03-19T18:12:05+02:00	INFO	executing migrations	[]
2022-03-19T18:12:05+02:00	INFO	calendar is running...	[]
2022-03-19T18:16:01+02:00	INFO	migration down: 	[steps=1]
2022-03-19T18:16:01+02:00	INFO	migration down: done	[]
2022-03-19T18:16:11+02:00	INFO	executing migrations	[]
2022-03-19T18:16:11+02:00	INFO	calendar is running...	[]
2022-03-19T18:40:25+02:00	INFO	executing migrations	[]
2022-03-19T18:40:26+02:00	INFO	calendar is running...	[]
2022-03-19T18:41:20+02:00	INFO	migration down: 	[steps=2]
2022-03-19T18:41:20+02:00	INFO	migration down: done	[]
2022-03-19T18:42:27+02:00	INFO	executing migrations	[]
2022-03-19T18:42:27+02:00	INFO	calendar is running...	[]
2022-03-19T19:19:52+02:00	INFO	executing migrations	[]
2022-03-19T19:19:52+02:00	INFO	calendar is running...	[]
2022-03-19T19:25:25+02:00	INFO	executing migrations	[]
2022-03-19T19:25:25+02:00	INFO	calendar is running...	[]
2022-03-19T20:03:01+02:00	INFO	executing migrations	[]
2022-03-19T20:03:01+02:00	INFO	migration: no change	[]
2022-03-19T20:03:02+02:00	INFO	calendar is running...	[]
2022-03-19T20:04:27+02:00	INFO	executing migrations	[]
2022-03-19T20:04:27+02:00	INFO	migration: no change	[]
2022-03-19T20:04:27+02:00	INFO	calendar is running...	[]
2022-03-19T20:05:20+02:00	INFO	executing migrations	[]
2022-03-19T20:05:20+02:00	INFO	migration: no change	[]
2022-03-19T20:05:20+02:00	INFO	calendar is running...	[]
2022-03-19T21:14:54+02:00	INFO	executing migrations	[]
2022-03-19T21:14:55+02:00	INFO	migration: no change	[]
2022-03-19T21:14:55+02:00	INFO	calendar is running...	[]
2022-03-19T21:16:10+02:00	INFO	executing migrations	[]
2022-03-19T21:16:10+02:00	INFO	migration: no change	[]
2022-03-19T21:16:11+02:00	INFO	calendar is running...	[]
2022-03-27T16:22:42+03:00	INFO	executing migrations	[]
2022-03-27T16:22:42+03:00	INFO	migration: no change	[]
2022-03-27T16:22:42+03:00	INFO	calendar is running...	[]
2022-03-27T16:23:50+03:00	INFO	executing migrations	[]
2022-03-27T16:23:50+03:00	INFO	migration: no change	[]
2022-03-27T16:23:50+03:00	INFO	calendar is running...	[]
2022-03-27T16:24:38+03:00	INFO	executing migrations	[]
2022-03-27T16:24:38+03:00	INFO	migration: no change	[]
2022-03-27T16:24:38+03:00	INFO	Deleting: 505f1812-a0b5-471c-900e-188e34b0e513	[]
2022-03-27T16:24:38+03:00	INFO	calendar is running...	[]
2022-03-27T16:41:52+03:00	INFO	executing migrations	[]
2022-03-27T16:41:53+03:00	ERROR	failed to execute db migrations: migration failed: column "user_id" of relation "event" contains null values in line 0: alter table event add column user_id int not null;
alter table event add column finished_at timestamptz not null;
alter table event add column notify_interval interval not null; (details: pq: column "user_id" of relation "event" contains null values)	[]
2022-03-27T16:42:23+03:00	INFO	executing migrations	[]
2022-03-27T16:42:23+03:00	ERROR	failed to execute db migrations: Dirty database version 5. Fix and force version.	[]
2022-03-27T16:42:54+03:00	INFO	migration down: 	[steps=1]
2022-03-27T16:42:55+03:00	ERROR	migration down: Dirty database version 5. Fix and force version.	[]
2022-04-01T12:34:26+03:00	INFO	executing migrations	[]
2022-04-01T12:34:26+03:00	ERROR	failed to execute db migrations: Dirty database version 5. Fix and force version.	[]
2022-04-01T12:35:00+03:00	INFO	executing migrations	[]
2022-04-01T12:35:00+03:00	ERROR	failed to execute db migrations: Dirty database version 5. Fix and force version.	[]
2022-04-01T12:35:23+03:00	INFO	fix and force migration	[version=5]
2022-04-01T12:35:23+03:00	INFO	fix and force migration: done	[]
2022-04-01T12:35:23+03:00	INFO	executing migrations	[]
2022-04-01T12:35:23+03:00	INFO	migration: no change	[]
2022-04-01T12:35:23+03:00	INFO	Deleting: e1a7ad8a-f15d-422b-bb56-1b9f6c25bc2b	[]
2022-04-01T12:35:23+03:00	INFO	calendar is running...	[]
2022-04-01T12:37:53+03:00	INFO	migration down	[steps=5]
2022-04-01T12:37:53+03:00	ERROR	migration down: migration failed: column "user_id" of relation "event" does not exist in line 0: alter table event drop column user_id;
alter table event drop column finished_at;
alter table event drop column notify_interval; (details: pq: column "user_id" of relation "event" does not exist)	[]
2022-04-01T12:38:41+03:00	INFO	migration down	[steps=5]
2022-04-01T12:38:41+03:00	ERROR	migration down: Dirty database version 4. Fix and force version.	[]
2022-04-01T12:38:48+03:00	INFO	fix and force migration	[version=4]
2022-04-01T12:38:48+03:00	INFO	fix and force migration: done	[]
2022-04-01T12:38:52+03:00	INFO	migration down	[steps=5]
2022-04-01T12:38:52+03:00	ERROR	migration down: limit 1 short	[]
2022-04-01T12:39:04+03:00	INFO	executing migrations	[]
2022-04-01T12:39:22+03:00	INFO	fix and force migration	[version=4]
2022-04-01T12:39:22+03:00	INFO	fix and force migration: done	[]
2022-04-01T12:40:24+03:00	INFO	executing migrations	[]
2022-04-01T12:40:24+03:00	ERROR	failed to execute db migrations: migration failed: column "user_id" of relation "event" already exists in line 0: alter table event add column user_id int not null;
alter table event add column finished_at timestamptz not null;
alter table event add column notify_interval interval not null; (details: pq: column "user_id" of relation "event" already exists)	[]
2022-04-01T12:41:02+03:00	INFO	executing migrations	[]
2022-04-01T12:41:02+03:00	ERROR	failed to execute db migrations: Dirty database version 5. Fix and force version.	[]
2022-04-01T12:41:15+03:00	INFO	fix and force migration	[version=5]
2022-04-01T12:41:15+03:00	INFO	fix and force migration: done	[]
2022-04-01T12:41:34+03:00	INFO	executing migrations	[]
2022-04-01T12:41:34+03:00	INFO	migration: no change	[]
2022-04-01T12:41:34+03:00	INFO	calendar is running...	[]
